Mémoire totale : 8,0 GiB
Instanciation du bot "Random"
2 classes ont été trouvées
class awele.bot.competitor.FastBoard.MinMaxH4
class awele.bot.competitor.FastBoard.MinMaxH4Learner

Bot 1/2
Classe : awele.bot.competitor.FastBoard.MinMaxH4
Instanciation du bot "MinMaxFastBoard"
Nom du bot : MinMaxFastBoard
Auteur(s) : Iliass FERCHACH
Temps d'apprentissage : 00:00:00.000
Durée d'une prise de décision : 00:00:00.093
Usage mémoire : 0 B
Usage mémoire maximum : 56,0 MiB

Bot 2/2
Classe : awele.bot.competitor.FastBoard.MinMaxH4Learner
Instanciation du bot "MinMaxH4Learner"
Nom du bot : MinMaxH4Learner
Auteur(s) : SABATIER Guillaume
Temps d'apprentissage : 00:00:00.000
Durée d'une prise de décision : 00:00:00.096
Usage mémoire : 3,4 KiB
Usage mémoire maximum : 106,0 MiB

2 bots ont été instanciés
Durée du chargement : 00:00:06.650
Mémoire utilisée : 1,8 MiB

Que le championnat commence !

Affrontement 1/1
MinMaxFastBoard vs. MinMaxH4Learner
Score : 1.16 - 1.79
MinMaxH4Learner a gagné
Nombre de coups joués : 108.705 par match
Durée : 00:00:10.418 par match
Mémoire utilisée : 1,4 MiB

Durée du championnat : 00:34:43.817

Scores finaux :
MinMaxFastBoard : 1.16
MinMaxH4Learner : 1.79

Rangs :
1. MinMaxH4Learner : 1.79
2. MinMaxFastBoard : 1.16
